<?xml version="1.0" encoding="UTF-8"?>
<!-- Generated by org.testng.reporters.JUnitReportReporter -->
<testsuite skipped="0" hostname="lenovo-PC" name="weinvest.valid" tests="1" failures="0" timestamp="07 Dec 2018 07:42:24 GMT" time="31.222" errors="0">
  <testcase name="title" time="31.222" classname="weinvest.valid"/>
</testsuite> <!-- weinvest.valid -->
